2012/09/18 10:37:03 [error] [exception.CHttpException.404] exception 'CHttpException' with message 'Unable to resolve the request "gii".' in C:\wamp\www\framework\web\CWebApplication.php:287
Stack trace:
#0 C:\wamp\www\framework\web\CWebApplication.php(142): CWebApplication->runController('gii')
#1 C:\wamp\www\framework\base\CApplication.php(162): CWebApplication->processRequest()
#2 C:\wamp\www\testyii\index.php(13): CApplication->run()
#3 {main}
REQUEST_URI=/testyii/index.php?r=gii
---
2012/09/18 10:42:53 [error] [exception.CHttpException.404] exception 'CHttpException' with message 'The system is unable to find the requested action "gii".' in C:\wamp\www\framework\web\CController.php:484
Stack trace:
#0 C:\wamp\www\framework\web\CController.php(271): CController->missingAction('gii')
#1 C:\wamp\www\framework\web\CWebApplication.php(283): CController->run('gii')
#2 C:\wamp\www\framework\web\CWebApplication.php(142): CWebApplication->runController('site/gii')
#3 C:\wamp\www\framework\base\CApplication.php(162): CWebApplication->processRequest()
#4 C:\wamp\www\testyii\index.php(13): CApplication->run()
#5 {main}
REQUEST_URI=/testyii/index.php?r=site/gii
---
2012/09/18 10:42:58 [error] [exception.CHttpException.404] exception 'CHttpException' with message 'Unable to resolve the request "gii".' in C:\wamp\www\framework\web\CWebApplication.php:287
Stack trace:
#0 C:\wamp\www\framework\web\CWebApplication.php(142): CWebApplication->runController('gii')
#1 C:\wamp\www\framework\base\CApplication.php(162): CWebApplication->processRequest()
#2 C:\wamp\www\testyii\index.php(13): CApplication->run()
#3 {main}
REQUEST_URI=/testyii/index.php?r=gii
---
2012/09/18 10:43:31 [error] [exception.CHttpException.404] exception 'CHttpException' with message 'The system is unable to find the requested action "gii".' in C:\wamp\www\framework\web\CController.php:484
Stack trace:
#0 C:\wamp\www\framework\web\CController.php(271): CController->missingAction('gii')
#1 C:\wamp\www\framework\web\CWebApplication.php(283): CController->run('gii')
#2 C:\wamp\www\framework\web\CWebApplication.php(142): CWebApplication->runController('site/gii')
#3 C:\wamp\www\framework\base\CApplication.php(162): CWebApplication->processRequest()
#4 C:\wamp\www\testyii\index.php(13): CApplication->run()
#5 {main}
REQUEST_URI=/testyii/index.php?r=site/gii
---
2012/09/18 10:43:46 [error] [exception.CHttpException.404] exception 'CHttpException' with message 'Unable to resolve the request "gii".' in C:\wamp\www\framework\web\CWebApplication.php:287
Stack trace:
#0 C:\wamp\www\framework\web\CWebApplication.php(142): CWebApplication->runController('gii')
#1 C:\wamp\www\framework\base\CApplication.php(162): CWebApplication->processRequest()
#2 C:\wamp\www\testyii\index.php(13): CApplication->run()
#3 {main}
REQUEST_URI=/testyii/index.php?r=gii
---
2012/09/18 10:54:49 [error] [exception.CHttpException.404] exception 'CHttpException' with message 'The system is unable to find the requested action "gii".' in C:\wamp\www\framework\web\CController.php:484
Stack trace:
#0 C:\wamp\www\framework\web\CController.php(271): CController->missingAction('gii')
#1 C:\wamp\www\framework\web\CWebApplication.php(283): CController->run('gii')
#2 C:\wamp\www\framework\web\CWebApplication.php(142): CWebApplication->runController('site/gii')
#3 C:\wamp\www\framework\base\CApplication.php(162): CWebApplication->processRequest()
#4 C:\wamp\www\testyii\index.php(13): CApplication->run()
#5 {main}
REQUEST_URI=/testyii/index.php?r=site/gii
---
2012/09/18 11:08:31 [error] [exception.CHttpException.404] exception 'CHttpException' with message 'The system is unable to find the requested action "gii".' in C:\wamp\www\framework\web\CController.php:484
Stack trace:
#0 C:\wamp\www\framework\web\CController.php(271): CController->missingAction('gii')
#1 C:\wamp\www\framework\web\CWebApplication.php(283): CController->run('gii')
#2 C:\wamp\www\framework\web\CWebApplication.php(142): CWebApplication->runController('site/gii')
#3 C:\wamp\www\framework\base\CApplication.php(162): CWebApplication->processRequest()
#4 C:\wamp\www\testyii\index.php(13): CApplication->run()
#5 {main}
REQUEST_URI=/testyii/index.php?r=site/gii
---
2012/09/18 11:08:48 [error] [exception.CHttpException.404] exception 'CHttpException' with message 'The system is unable to find the requested action "gii".' in C:\wamp\www\framework\web\CController.php:484
Stack trace:
#0 C:\wamp\www\framework\web\CController.php(271): CController->missingAction('gii')
#1 C:\wamp\www\framework\web\CWebApplication.php(283): CController->run('gii')
#2 C:\wamp\www\framework\web\CWebApplication.php(142): CWebApplication->runController('site/gii')
#3 C:\wamp\www\framework\base\CApplication.php(162): CWebApplication->processRequest()
#4 C:\wamp\www\testyii\index.php(13): CApplication->run()
#5 {main}
REQUEST_URI=/testyii/index.php?r=site/gii
---
2012/09/18 11:08:51 [error] [exception.CHttpException.404] exception 'CHttpException' with message 'The system is unable to find the requested action "gii".' in C:\wamp\www\framework\web\CController.php:484
Stack trace:
#0 C:\wamp\www\framework\web\CController.php(271): CController->missingAction('gii')
#1 C:\wamp\www\framework\web\CWebApplication.php(283): CController->run('gii')
#2 C:\wamp\www\framework\web\CWebApplication.php(142): CWebApplication->runController('site/gii')
#3 C:\wamp\www\framework\base\CApplication.php(162): CWebApplication->processRequest()
#4 C:\wamp\www\testyii\index.php(13): CApplication->run()
#5 {main}
REQUEST_URI=/testyii/index.php?r=site/gii
---
2012/09/18 11:08:59 [error] [exception.CHttpException.404] exception 'CHttpException' with message 'The system is unable to find the requested action "gii".' in C:\wamp\www\framework\web\CController.php:484
Stack trace:
#0 C:\wamp\www\framework\web\CController.php(271): CController->missingAction('gii')
#1 C:\wamp\www\framework\web\CWebApplication.php(283): CController->run('gii')
#2 C:\wamp\www\framework\web\CWebApplication.php(142): CWebApplication->runController('site/gii')
#3 C:\wamp\www\framework\base\CApplication.php(162): CWebApplication->processRequest()
#4 C:\wamp\www\testyii\index.php(13): CApplication->run()
#5 {main}
REQUEST_URI=/testyii/index.php?r=site/gii
---
2012/09/18 11:21:24 [error] [exception.CException] exception 'CException' with message 'Property "Employee.id" is not defined.' in C:\wamp\www\framework\base\CComponent.php:131
Stack trace:
#0 C:\wamp\www\framework\db\ar\CActiveRecord.php(144): CComponent->__get('id')
#1 C:\wamp\www\testyii\protected\components\UserIdentity.php(43): CActiveRecord->__get('id')
#2 C:\wamp\www\testyii\protected\models\LoginForm.php(52): UserIdentity->authenticate()
#3 C:\wamp\www\framework\validators\CInlineValidator.php(43): LoginForm->authenticate('password', Array)
#4 C:\wamp\www\framework\validators\CValidator.php(214): CInlineValidator->validateAttribute(Object(LoginForm), 'password')
#5 C:\wamp\www\framework\base\CModel.php(158): CValidator->validate(Object(LoginForm), NULL)
#6 C:\wamp\www\testyii\protected\controllers\SiteController.php(94): CModel->validate()
#7 C:\wamp\www\framework\web\actions\CInlineAction.php(50): SiteController->actionLogin()
#8 C:\wamp\www\framework\web\CController.php(309): CInlineAction->runWithParams(Array)
#9 C:\wamp\www\framework\web\CController.php(287): CController->runAction(Object(CInlineAction))
#10 C:\wamp\www\framework\web\CController.php(266): CController->runActionWithFilters(Object(CInlineAction), Array)
#11 C:\wamp\www\framework\web\CWebApplication.php(283): CController->run('login')
#12 C:\wamp\www\framework\web\CWebApplication.php(142): CWebApplication->runController('site/login')
#13 C:\wamp\www\framework\base\CApplication.php(162): CWebApplication->processRequest()
#14 C:\wamp\www\testyii\index.php(13): CApplication->run()
#15 {main}
REQUEST_URI=/testyii/index.php?r=site/login
HTTP_REFERER=http://localhost/testyii/index.php?r=site/login
---
2012/09/19 07:12:40 [error] [exception.CHttpException.404] exception 'CHttpException' with message 'The system is unable to find the requested action "gii".' in C:\wamp\www\framework\web\CController.php:484
Stack trace:
#0 C:\wamp\www\framework\web\CController.php(271): CController->missingAction('gii')
#1 C:\wamp\www\framework\web\CWebApplication.php(283): CController->run('gii')
#2 C:\wamp\www\framework\web\CWebApplication.php(142): CWebApplication->runController('site/gii')
#3 C:\wamp\www\framework\base\CApplication.php(162): CWebApplication->processRequest()
#4 C:\wamp\www\testyii\index.php(13): CApplication->run()
#5 {main}
REQUEST_URI=/testyii/index.php?r=site/gii
---
2012/09/20 09:27:08 [error] [exception.CHttpException.404] exception 'CHttpException' with message 'Unable to resolve the request "employee_type".' in C:\wamp\www\framework\web\CWebApplication.php:287
Stack trace:
#0 C:\wamp\www\framework\web\CWebApplication.php(142): CWebApplication->runController('employee_type')
#1 C:\wamp\www\framework\base\CApplication.php(162): CWebApplication->processRequest()
#2 C:\wamp\www\testyii\index.php(13): CApplication->run()
#3 {main}
REQUEST_URI=/testyii/index.php/employee_type
---
2012/09/20 09:38:54 [error] [exception.CHttpException.403] exception 'CHttpException' with message 'You are not authorized to perform this action.' in C:\wamp\www\framework\web\auth\CAccessControlFilter.php:170
Stack trace:
#0 C:\wamp\www\framework\web\auth\CAccessControlFilter.php(133): CAccessControlFilter->accessDenied(Object(CWebUser), 'You are not aut...')
#1 C:\wamp\www\framework\web\filters\CFilter.php(39): CAccessControlFilter->preFilter(Object(CFilterChain))
#2 C:\wamp\www\framework\web\CController.php(1146): CFilter->filter(Object(CFilterChain))
#3 C:\wamp\www\framework\web\filters\CInlineFilter.php(59): CController->filterAccessControl(Object(CFilterChain))
#4 C:\wamp\www\framework\web\filters\CFilterChain.php(131): CInlineFilter->filter(Object(CFilterChain))
#5 C:\wamp\www\framework\web\CController.php(292): CFilterChain->run()
#6 C:\wamp\www\framework\web\CController.php(266): CController->runActionWithFilters(Object(CInlineAction), Array)
#7 C:\wamp\www\framework\web\CWebApplication.php(283): CController->run('admin')
#8 C:\wamp\www\framework\web\CWebApplication.php(142): CWebApplication->runController('employee/admin')
#9 C:\wamp\www\framework\base\CApplication.php(162): CWebApplication->processRequest()
#10 C:\wamp\www\testyii\index.php(13): CApplication->run()
#11 {main}
REQUEST_URI=/testyii/index.php/employee/admin
HTTP_REFERER=http://localhost/testyii/index.php/employee/create
---
2012/09/20 09:39:12 [error] [exception.CHttpException.403] exception 'CHttpException' with message 'You are not authorized to perform this action.' in C:\wamp\www\framework\web\auth\CAccessControlFilter.php:170
Stack trace:
#0 C:\wamp\www\framework\web\auth\CAccessControlFilter.php(133): CAccessControlFilter->accessDenied(Object(CWebUser), 'You are not aut...')
#1 C:\wamp\www\framework\web\filters\CFilter.php(39): CAccessControlFilter->preFilter(Object(CFilterChain))
#2 C:\wamp\www\framework\web\CController.php(1146): CFilter->filter(Object(CFilterChain))
#3 C:\wamp\www\framework\web\filters\CInlineFilter.php(59): CController->filterAccessControl(Object(CFilterChain))
#4 C:\wamp\www\framework\web\filters\CFilterChain.php(131): CInlineFilter->filter(Object(CFilterChain))
#5 C:\wamp\www\framework\web\CController.php(292): CFilterChain->run()
#6 C:\wamp\www\framework\web\CController.php(266): CController->runActionWithFilters(Object(CInlineAction), Array)
#7 C:\wamp\www\framework\web\CWebApplication.php(283): CController->run('admin')
#8 C:\wamp\www\framework\web\CWebApplication.php(142): CWebApplication->runController('employeetype/ad...')
#9 C:\wamp\www\framework\base\CApplication.php(162): CWebApplication->processRequest()
#10 C:\wamp\www\testyii\index.php(13): CApplication->run()
#11 {main}
REQUEST_URI=/testyii/index.php/employeetype/admin
HTTP_REFERER=http://localhost/testyii/index.php/employeetype
---
2012/09/20 09:43:45 [error] [exception.CHttpException.403] exception 'CHttpException' with message 'You are not authorized to perform this action.' in C:\wamp\www\framework\web\auth\CAccessControlFilter.php:170
Stack trace:
#0 C:\wamp\www\framework\web\auth\CAccessControlFilter.php(133): CAccessControlFilter->accessDenied(Object(CWebUser), 'You are not aut...')
#1 C:\wamp\www\framework\web\filters\CFilter.php(39): CAccessControlFilter->preFilter(Object(CFilterChain))
#2 C:\wamp\www\framework\web\CController.php(1146): CFilter->filter(Object(CFilterChain))
#3 C:\wamp\www\framework\web\filters\CInlineFilter.php(59): CController->filterAccessControl(Object(CFilterChain))
#4 C:\wamp\www\framework\web\filters\CFilterChain.php(131): CInlineFilter->filter(Object(CFilterChain))
#5 C:\wamp\www\framework\web\CController.php(292): CFilterChain->run()
#6 C:\wamp\www\framework\web\CController.php(266): CController->runActionWithFilters(Object(CInlineAction), Array)
#7 C:\wamp\www\framework\web\CWebApplication.php(283): CController->run('admin')
#8 C:\wamp\www\framework\web\CWebApplication.php(142): CWebApplication->runController('employee/admin')
#9 C:\wamp\www\framework\base\CApplication.php(162): CWebApplication->processRequest()
#10 C:\wamp\www\testyii\index.php(13): CApplication->run()
#11 {main}
REQUEST_URI=/testyii/index.php/employee/admin
HTTP_REFERER=http://localhost/testyii/index.php/employee/create
---
2012/09/20 09:44:02 [error] [exception.CHttpException.403] exception 'CHttpException' with message 'You are not authorized to perform this action.' in C:\wamp\www\framework\web\auth\CAccessControlFilter.php:170
Stack trace:
#0 C:\wamp\www\framework\web\auth\CAccessControlFilter.php(133): CAccessControlFilter->accessDenied(Object(CWebUser), 'You are not aut...')
#1 C:\wamp\www\framework\web\filters\CFilter.php(39): CAccessControlFilter->preFilter(Object(CFilterChain))
#2 C:\wamp\www\framework\web\CController.php(1146): CFilter->filter(Object(CFilterChain))
#3 C:\wamp\www\framework\web\filters\CInlineFilter.php(59): CController->filterAccessControl(Object(CFilterChain))
#4 C:\wamp\www\framework\web\filters\CFilterChain.php(131): CInlineFilter->filter(Object(CFilterChain))
#5 C:\wamp\www\framework\web\CController.php(292): CFilterChain->run()
#6 C:\wamp\www\framework\web\CController.php(266): CController->runActionWithFilters(Object(CInlineAction), Array)
#7 C:\wamp\www\framework\web\CWebApplication.php(283): CController->run('admin')
#8 C:\wamp\www\framework\web\CWebApplication.php(142): CWebApplication->runController('employee/admin')
#9 C:\wamp\www\framework\base\CApplication.php(162): CWebApplication->processRequest()
#10 C:\wamp\www\testyii\index.php(13): CApplication->run()
#11 {main}
REQUEST_URI=/testyii/index.php/employee/admin
HTTP_REFERER=http://localhost/testyii/index.php/employee
---
2012/09/20 10:16:16 [error] [exception.CHttpException.403] exception 'CHttpException' with message 'You are not authorized to perform this action.' in C:\wamp\www\framework\web\auth\CAccessControlFilter.php:170
Stack trace:
#0 C:\wamp\www\framework\web\auth\CAccessControlFilter.php(133): CAccessControlFilter->accessDenied(Object(CWebUser), 'You are not aut...')
#1 C:\wamp\www\framework\web\filters\CFilter.php(39): CAccessControlFilter->preFilter(Object(CFilterChain))
#2 C:\wamp\www\framework\web\CController.php(1146): CFilter->filter(Object(CFilterChain))
#3 C:\wamp\www\framework\web\filters\CInlineFilter.php(59): CController->filterAccessControl(Object(CFilterChain))
#4 C:\wamp\www\framework\web\filters\CFilterChain.php(131): CInlineFilter->filter(Object(CFilterChain))
#5 C:\wamp\www\framework\web\CController.php(292): CFilterChain->run()
#6 C:\wamp\www\framework\web\CController.php(266): CController->runActionWithFilters(Object(CInlineAction), Array)
#7 C:\wamp\www\framework\web\CWebApplication.php(283): CController->run('admin')
#8 C:\wamp\www\framework\web\CWebApplication.php(142): CWebApplication->runController('employeetype/ad...')
#9 C:\wamp\www\framework\base\CApplication.php(162): CWebApplication->processRequest()
#10 C:\wamp\www\testyii\index.php(13): CApplication->run()
#11 {main}
REQUEST_URI=/testyii/index.php/employeetype/admin
HTTP_REFERER=http://localhost/testyii/index.php/employeetype
---
2012/09/20 10:17:28 [error] [exception.CHttpException.403] exception 'CHttpException' with message 'You are not authorized to perform this action.' in C:\wamp\www\framework\web\auth\CAccessControlFilter.php:170
Stack trace:
#0 C:\wamp\www\framework\web\auth\CAccessControlFilter.php(133): CAccessControlFilter->accessDenied(Object(CWebUser), 'You are not aut...')
#1 C:\wamp\www\framework\web\filters\CFilter.php(39): CAccessControlFilter->preFilter(Object(CFilterChain))
#2 C:\wamp\www\framework\web\CController.php(1146): CFilter->filter(Object(CFilterChain))
#3 C:\wamp\www\framework\web\filters\CInlineFilter.php(59): CController->filterAccessControl(Object(CFilterChain))
#4 C:\wamp\www\framework\web\filters\CFilterChain.php(131): CInlineFilter->filter(Object(CFilterChain))
#5 C:\wamp\www\framework\web\CController.php(292): CFilterChain->run()
#6 C:\wamp\www\framework\web\CController.php(266): CController->runActionWithFilters(Object(CInlineAction), Array)
#7 C:\wamp\www\framework\web\CWebApplication.php(283): CController->run('admin')
#8 C:\wamp\www\framework\web\CWebApplication.php(142): CWebApplication->runController('employeetype/ad...')
#9 C:\wamp\www\framework\base\CApplication.php(162): CWebApplication->processRequest()
#10 C:\wamp\www\testyii\index.php(13): CApplication->run()
#11 {main}
REQUEST_URI=/testyii/index.php/employeetype/admin
HTTP_REFERER=http://localhost/testyii/index.php/employeetype
---
2012/09/20 10:24:44 [error] [exception.CHttpException.404] exception 'CHttpException' with message 'The requested page does not exist.' in C:\wamp\www\testyii\protected\controllers\EmployeeTypeController.php:155
Stack trace:
#0 C:\wamp\www\testyii\protected\controllers\EmployeeTypeController.php(89): EmployeeTypeController->loadModel('0')
#1 [internal function]: EmployeeTypeController->actionUpdate('0')
#2 C:\wamp\www\framework\web\actions\CAction.php(107): ReflectionMethod->invokeArgs(Object(EmployeeTypeController), Array)
#3 C:\wamp\www\framework\web\actions\CInlineAction.php(48): CAction->runWithParamsInternal(Object(EmployeeTypeController), Object(ReflectionMethod), Array)
#4 C:\wamp\www\framework\web\CController.php(309): CInlineAction->runWithParams(Array)
#5 C:\wamp\www\framework\web\filters\CFilterChain.php(134): CController->runAction(Object(CInlineAction))
#6 C:\wamp\www\framework\web\filters\CFilter.php(41): CFilterChain->run()
#7 C:\wamp\www\framework\web\CController.php(1146): CFilter->filter(Object(CFilterChain))
#8 C:\wamp\www\framework\web\filters\CInlineFilter.php(59): CController->filterAccessControl(Object(CFilterChain))
#9 C:\wamp\www\framework\web\filters\CFilterChain.php(131): CInlineFilter->filter(Object(CFilterChain))
#10 C:\wamp\www\framework\web\CController.php(292): CFilterChain->run()
#11 C:\wamp\www\framework\web\CController.php(266): CController->runActionWithFilters(Object(CInlineAction), Array)
#12 C:\wamp\www\framework\web\CWebApplication.php(283): CController->run('update')
#13 C:\wamp\www\framework\web\CWebApplication.php(142): CWebApplication->runController('employeetype/up...')
#14 C:\wamp\www\framework\base\CApplication.php(162): CWebApplication->processRequest()
#15 C:\wamp\www\testyii\index.php(13): CApplication->run()
#16 {main}
REQUEST_URI=/testyii/index.php/employeetype/update/0
---
2012/09/20 10:24:47 [error] [exception.CHttpException.404] exception 'CHttpException' with message 'The requested page does not exist.' in C:\wamp\www\testyii\protected\controllers\EmployeeTypeController.php:155
Stack trace:
#0 C:\wamp\www\testyii\protected\controllers\EmployeeTypeController.php(89): EmployeeTypeController->loadModel('0')
#1 [internal function]: EmployeeTypeController->actionUpdate('0')
#2 C:\wamp\www\framework\web\actions\CAction.php(107): ReflectionMethod->invokeArgs(Object(EmployeeTypeController), Array)
#3 C:\wamp\www\framework\web\actions\CInlineAction.php(48): CAction->runWithParamsInternal(Object(EmployeeTypeController), Object(ReflectionMethod), Array)
#4 C:\wamp\www\framework\web\CController.php(309): CInlineAction->runWithParams(Array)
#5 C:\wamp\www\framework\web\filters\CFilterChain.php(134): CController->runAction(Object(CInlineAction))
#6 C:\wamp\www\framework\web\filters\CFilter.php(41): CFilterChain->run()
#7 C:\wamp\www\framework\web\CController.php(1146): CFilter->filter(Object(CFilterChain))
#8 C:\wamp\www\framework\web\filters\CInlineFilter.php(59): CController->filterAccessControl(Object(CFilterChain))
#9 C:\wamp\www\framework\web\filters\CFilterChain.php(131): CInlineFilter->filter(Object(CFilterChain))
#10 C:\wamp\www\framework\web\CController.php(292): CFilterChain->run()
#11 C:\wamp\www\framework\web\CController.php(266): CController->runActionWithFilters(Object(CInlineAction), Array)
#12 C:\wamp\www\framework\web\CWebApplication.php(283): CController->run('update')
#13 C:\wamp\www\framework\web\CWebApplication.php(142): CWebApplication->runController('employeetype/up...')
#14 C:\wamp\www\framework\base\CApplication.php(162): CWebApplication->processRequest()
#15 C:\wamp\www\testyii\index.php(13): CApplication->run()
#16 {main}
REQUEST_URI=/testyii/index.php/employeetype/update/0
---
2012/09/20 10:35:32 [error] [exception.CHttpException.403] exception 'CHttpException' with message 'You are not authorized to perform this action.' in C:\wamp\www\framework\web\auth\CAccessControlFilter.php:170
Stack trace:
#0 C:\wamp\www\framework\web\auth\CAccessControlFilter.php(133): CAccessControlFilter->accessDenied(Object(CWebUser), 'You are not aut...')
#1 C:\wamp\www\framework\web\filters\CFilter.php(39): CAccessControlFilter->preFilter(Object(CFilterChain))
#2 C:\wamp\www\framework\web\CController.php(1146): CFilter->filter(Object(CFilterChain))
#3 C:\wamp\www\framework\web\filters\CInlineFilter.php(59): CController->filterAccessControl(Object(CFilterChain))
#4 C:\wamp\www\framework\web\filters\CFilterChain.php(131): CInlineFilter->filter(Object(CFilterChain))
#5 C:\wamp\www\framework\web\CController.php(292): CFilterChain->run()
#6 C:\wamp\www\framework\web\CController.php(266): CController->runActionWithFilters(Object(CInlineAction), Array)
#7 C:\wamp\www\framework\web\CWebApplication.php(283): CController->run('admin')
#8 C:\wamp\www\framework\web\CWebApplication.php(142): CWebApplication->runController('employee/admin')
#9 C:\wamp\www\framework\base\CApplication.php(162): CWebApplication->processRequest()
#10 C:\wamp\www\testyii\index.php(13): CApplication->run()
#11 {main}
REQUEST_URI=/testyii/index.php/employee/admin
HTTP_REFERER=http://localhost/testyii/index.php/employee
---
2012/09/20 11:02:06 [error] [php] Undefined variable: models (C:\wamp\www\testyii\protected\views\employee\_form.php:26)
Stack trace:
#0 C:\wamp\www\framework\web\CController.php(870): EmployeeController->renderFile()
#1 C:\wamp\www\testyii\protected\views\employee\create.php(18): EmployeeController->renderPartial()
#2 C:\wamp\www\framework\web\CBaseController.php(127): require()
#3 C:\wamp\www\framework\web\CBaseController.php(96): EmployeeController->renderInternal()
#4 C:\wamp\www\framework\web\CController.php(870): EmployeeController->renderFile()
#5 C:\wamp\www\framework\web\CController.php(783): EmployeeController->renderPartial()
#6 C:\wamp\www\testyii\protected\controllers\EmployeeController.php(79): EmployeeController->render()
#7 C:\wamp\www\framework\web\actions\CInlineAction.php(50): EmployeeController->actionCreate()
#8 C:\wamp\www\framework\web\CController.php(309): CInlineAction->runWithParams()
#9 C:\wamp\www\framework\web\filters\CFilterChain.php(134): EmployeeController->runAction()
#10 C:\wamp\www\framework\web\filters\CFilter.php(41): CFilterChain->run()
#11 C:\wamp\www\framework\web\CController.php(1146): CAccessControlFilter->filter()
#12 C:\wamp\www\framework\web\filters\CInlineFilter.php(59): EmployeeController->filterAccessControl()
#13 C:\wamp\www\framework\web\filters\CFilterChain.php(131): CInlineFilter->filter()
#14 C:\wamp\www\framework\web\CController.php(292): CFilterChain->run()
#15 C:\wamp\www\framework\web\CController.php(266): EmployeeController->runActionWithFilters()
#16 C:\wamp\www\framework\web\CWebApplication.php(283): EmployeeController->run()
#17 C:\wamp\www\framework\web\CWebApplication.php(142): CWebApplication->runController()
#18 C:\wamp\www\framework\base\CApplication.php(162): CWebApplication->processRequest()
#19 C:\wamp\www\testyii\index.php(13): CWebApplication->run()
REQUEST_URI=/testyii/index.php/employee/create
in C:\wamp\www\testyii\protected\views\employee\_form.php (26)
in C:\wamp\www\testyii\protected\views\employee\create.php (18)
in C:\wamp\www\testyii\protected\controllers\EmployeeController.php (79)
2012/09/20 11:07:59 [error] [exception.CHttpException.403] exception 'CHttpException' with message 'You are not authorized to perform this action.' in C:\wamp\www\framework\web\auth\CAccessControlFilter.php:170
Stack trace:
#0 C:\wamp\www\framework\web\auth\CAccessControlFilter.php(133): CAccessControlFilter->accessDenied(Object(CWebUser), 'You are not aut...')
#1 C:\wamp\www\framework\web\filters\CFilter.php(39): CAccessControlFilter->preFilter(Object(CFilterChain))
#2 C:\wamp\www\framework\web\CController.php(1146): CFilter->filter(Object(CFilterChain))
#3 C:\wamp\www\framework\web\filters\CInlineFilter.php(59): CController->filterAccessControl(Object(CFilterChain))
#4 C:\wamp\www\framework\web\filters\CFilterChain.php(131): CInlineFilter->filter(Object(CFilterChain))
#5 C:\wamp\www\framework\web\CController.php(292): CFilterChain->run()
#6 C:\wamp\www\framework\web\CController.php(266): CController->runActionWithFilters(Object(CInlineAction), Array)
#7 C:\wamp\www\framework\web\CWebApplication.php(283): CController->run('admin')
#8 C:\wamp\www\framework\web\CWebApplication.php(142): CWebApplication->runController('employee/admin')
#9 C:\wamp\www\framework\base\CApplication.php(162): CWebApplication->processRequest()
#10 C:\wamp\www\testyii\index.php(13): CApplication->run()
#11 {main}
REQUEST_URI=/testyii/index.php/employee/admin
HTTP_REFERER=http://localhost/testyii/index.php/employee/index
---
2012/09/20 11:10:28 [error] [exception.CHttpException.403] exception 'CHttpException' with message 'You are not authorized to perform this action.' in C:\wamp\www\framework\web\auth\CAccessControlFilter.php:170
Stack trace:
#0 C:\wamp\www\framework\web\auth\CAccessControlFilter.php(133): CAccessControlFilter->accessDenied(Object(CWebUser), 'You are not aut...')
#1 C:\wamp\www\framework\web\filters\CFilter.php(39): CAccessControlFilter->preFilter(Object(CFilterChain))
#2 C:\wamp\www\framework\web\CController.php(1146): CFilter->filter(Object(CFilterChain))
#3 C:\wamp\www\framework\web\filters\CInlineFilter.php(59): CController->filterAccessControl(Object(CFilterChain))
#4 C:\wamp\www\framework\web\filters\CFilterChain.php(131): CInlineFilter->filter(Object(CFilterChain))
#5 C:\wamp\www\framework\web\CController.php(292): CFilterChain->run()
#6 C:\wamp\www\framework\web\CController.php(266): CController->runActionWithFilters(Object(CInlineAction), Array)
#7 C:\wamp\www\framework\web\CWebApplication.php(283): CController->run('admin')
#8 C:\wamp\www\framework\web\CWebApplication.php(142): CWebApplication->runController('employee/admin')
#9 C:\wamp\www\framework\base\CApplication.php(162): CWebApplication->processRequest()
#10 C:\wamp\www\testyii\index.php(13): CApplication->run()
#11 {main}
REQUEST_URI=/testyii/index.php/employee/admin
HTTP_REFERER=http://localhost/testyii/index.php/employee
---
2012/09/20 11:10:33 [error] [exception.CHttpException.403] exception 'CHttpException' with message 'You are not authorized to perform this action.' in C:\wamp\www\framework\web\auth\CAccessControlFilter.php:170
Stack trace:
#0 C:\wamp\www\framework\web\auth\CAccessControlFilter.php(133): CAccessControlFilter->accessDenied(Object(CWebUser), 'You are not aut...')
#1 C:\wamp\www\framework\web\filters\CFilter.php(39): CAccessControlFilter->preFilter(Object(CFilterChain))
#2 C:\wamp\www\framework\web\CController.php(1146): CFilter->filter(Object(CFilterChain))
#3 C:\wamp\www\framework\web\filters\CInlineFilter.php(59): CController->filterAccessControl(Object(CFilterChain))
#4 C:\wamp\www\framework\web\filters\CFilterChain.php(131): CInlineFilter->filter(Object(CFilterChain))
#5 C:\wamp\www\framework\web\CController.php(292): CFilterChain->run()
#6 C:\wamp\www\framework\web\CController.php(266): CController->runActionWithFilters(Object(CInlineAction), Array)
#7 C:\wamp\www\framework\web\CWebApplication.php(283): CController->run('admin')
#8 C:\wamp\www\framework\web\CWebApplication.php(142): CWebApplication->runController('employee/admin')
#9 C:\wamp\www\framework\base\CApplication.php(162): CWebApplication->processRequest()
#10 C:\wamp\www\testyii\index.php(13): CApplication->run()
#11 {main}
REQUEST_URI=/testyii/index.php/employee/admin
HTTP_REFERER=http://localhost/testyii/index.php/employee
---
2012/09/20 11:12:04 [error] [exception.CHttpException.403] exception 'CHttpException' with message 'You are not authorized to perform this action.' in C:\wamp\www\framework\web\auth\CAccessControlFilter.php:170
Stack trace:
#0 C:\wamp\www\framework\web\auth\CAccessControlFilter.php(133): CAccessControlFilter->accessDenied(Object(CWebUser), 'You are not aut...')
#1 C:\wamp\www\framework\web\filters\CFilter.php(39): CAccessControlFilter->preFilter(Object(CFilterChain))
#2 C:\wamp\www\framework\web\CController.php(1146): CFilter->filter(Object(CFilterChain))
#3 C:\wamp\www\framework\web\filters\CInlineFilter.php(59): CController->filterAccessControl(Object(CFilterChain))
#4 C:\wamp\www\framework\web\filters\CFilterChain.php(131): CInlineFilter->filter(Object(CFilterChain))
#5 C:\wamp\www\framework\web\CController.php(292): CFilterChain->run()
#6 C:\wamp\www\framework\web\CController.php(266): CController->runActionWithFilters(Object(CInlineAction), Array)
#7 C:\wamp\www\framework\web\CWebApplication.php(283): CController->run('admin')
#8 C:\wamp\www\framework\web\CWebApplication.php(142): CWebApplication->runController('employee/admin')
#9 C:\wamp\www\framework\base\CApplication.php(162): CWebApplication->processRequest()
#10 C:\wamp\www\testyii\index.php(13): CApplication->run()
#11 {main}
REQUEST_URI=/testyii/index.php/employee/admin
HTTP_REFERER=http://localhost/testyii/index.php/employee
---
2012/09/24 08:45:03 [error] [php] include(char.php) [<a href='function.include'>function.include</a>]: failed to open stream: No such file or directory (C:\wamp\www\framework\YiiBase.php:423)
Stack trace:
#0 C:\wamp\www\framework\validators\CValidator.php(187): import()
#1 C:\wamp\www\framework\base\CModel.php(285): createValidator()
#2 C:\wamp\www\framework\base\CModel.php(259): Employee->createValidators()
#3 C:\wamp\www\framework\base\CModel.php(302): Employee->getValidators()
#4 C:\wamp\www\framework\web\helpers\CHtml.php(1197): Employee->isAttributeRequired()
#5 C:\wamp\www\framework\web\widgets\CActiveForm.php(563): activeLabelEx()
#6 C:\wamp\www\testyii\protected\views\employee\_form.php(25): CActiveForm->labelEx()
#7 C:\wamp\www\framework\web\CBaseController.php(127): require()
#8 C:\wamp\www\framework\web\CBaseController.php(96): EmployeeController->renderInternal()
#9 C:\wamp\www\framework\web\CController.php(870): EmployeeController->renderFile()
#10 C:\wamp\www\testyii\protected\views\employee\create.php(18): EmployeeController->renderPartial()
#11 C:\wamp\www\framework\web\CBaseController.php(127): require()
#12 C:\wamp\www\framework\web\CBaseController.php(96): EmployeeController->renderInternal()
#13 C:\wamp\www\framework\web\CController.php(870): EmployeeController->renderFile()
#14 C:\wamp\www\framework\web\CController.php(783): EmployeeController->renderPartial()
#15 C:\wamp\www\testyii\protected\controllers\EmployeeController.php(79): EmployeeController->render()
#16 C:\wamp\www\framework\web\actions\CInlineAction.php(50): EmployeeController->actionCreate()
#17 C:\wamp\www\framework\web\CController.php(309): CInlineAction->runWithParams()
#18 C:\wamp\www\framework\web\filters\CFilterChain.php(134): EmployeeController->runAction()
#19 C:\wamp\www\framework\web\filters\CFilter.php(41): CFilterChain->run()
#20 C:\wamp\www\framework\web\CController.php(1146): CAccessControlFilter->filter()
#21 C:\wamp\www\framework\web\filters\CInlineFilter.php(59): EmployeeController->filterAccessControl()
#22 C:\wamp\www\framework\web\filters\CFilterChain.php(131): CInlineFilter->filter()
#23 C:\wamp\www\framework\web\CController.php(292): CFilterChain->run()
#24 C:\wamp\www\framework\web\CController.php(266): EmployeeController->runActionWithFilters()
#25 C:\wamp\www\framework\web\CWebApplication.php(283): EmployeeController->run()
#26 C:\wamp\www\framework\web\CWebApplication.php(142): CWebApplication->runController()
#27 C:\wamp\www\framework\base\CApplication.php(162): CWebApplication->processRequest()
#28 C:\wamp\www\testyii\index.php(13): CWebApplication->run()
REQUEST_URI=/testyii/index.php/employee/create
in C:\wamp\www\testyii\protected\views\employee\_form.php (25)
in C:\wamp\www\testyii\protected\views\employee\create.php (18)
in C:\wamp\www\testyii\protected\controllers\EmployeeController.php (79)
2012/09/24 08:46:30 [error] [php] include(char.php) [<a href='function.include'>function.include</a>]: failed to open stream: No such file or directory (C:\wamp\www\framework\YiiBase.php:423)
Stack trace:
#0 C:\wamp\www\framework\validators\CValidator.php(187): import()
#1 C:\wamp\www\framework\base\CModel.php(285): createValidator()
#2 C:\wamp\www\framework\base\CModel.php(259): Employee->createValidators()
#3 C:\wamp\www\framework\base\CModel.php(302): Employee->getValidators()
#4 C:\wamp\www\framework\web\helpers\CHtml.php(1197): Employee->isAttributeRequired()
#5 C:\wamp\www\framework\web\widgets\CActiveForm.php(563): activeLabelEx()
#6 C:\wamp\www\testyii\protected\views\employee\_form.php(25): CActiveForm->labelEx()
#7 C:\wamp\www\framework\web\CBaseController.php(127): require()
#8 C:\wamp\www\framework\web\CBaseController.php(96): EmployeeController->renderInternal()
#9 C:\wamp\www\framework\web\CController.php(870): EmployeeController->renderFile()
#10 C:\wamp\www\testyii\protected\views\employee\create.php(18): EmployeeController->renderPartial()
#11 C:\wamp\www\framework\web\CBaseController.php(127): require()
#12 C:\wamp\www\framework\web\CBaseController.php(96): EmployeeController->renderInternal()
#13 C:\wamp\www\framework\web\CController.php(870): EmployeeController->renderFile()
#14 C:\wamp\www\framework\web\CController.php(783): EmployeeController->renderPartial()
#15 C:\wamp\www\testyii\protected\controllers\EmployeeController.php(79): EmployeeController->render()
#16 C:\wamp\www\framework\web\actions\CInlineAction.php(50): EmployeeController->actionCreate()
#17 C:\wamp\www\framework\web\CController.php(309): CInlineAction->runWithParams()
#18 C:\wamp\www\framework\web\filters\CFilterChain.php(134): EmployeeController->runAction()
#19 C:\wamp\www\framework\web\filters\CFilter.php(41): CFilterChain->run()
#20 C:\wamp\www\framework\web\CController.php(1146): CAccessControlFilter->filter()
#21 C:\wamp\www\framework\web\filters\CInlineFilter.php(59): EmployeeController->filterAccessControl()
#22 C:\wamp\www\framework\web\filters\CFilterChain.php(131): CInlineFilter->filter()
#23 C:\wamp\www\framework\web\CController.php(292): CFilterChain->run()
#24 C:\wamp\www\framework\web\CController.php(266): EmployeeController->runActionWithFilters()
#25 C:\wamp\www\framework\web\CWebApplication.php(283): EmployeeController->run()
#26 C:\wamp\www\framework\web\CWebApplication.php(142): CWebApplication->runController()
#27 C:\wamp\www\framework\base\CApplication.php(162): CWebApplication->processRequest()
#28 C:\wamp\www\testyii\index.php(13): CWebApplication->run()
REQUEST_URI=/testyii/index.php/employee/create
in C:\wamp\www\testyii\protected\views\employee\_form.php (25)
in C:\wamp\www\testyii\protected\views\employee\create.php (18)
in C:\wamp\www\testyii\protected\controllers\EmployeeController.php (79)
2012/09/24 08:46:34 [error] [php] include(char.php) [<a href='function.include'>function.include</a>]: failed to open stream: No such file or directory (C:\wamp\www\framework\YiiBase.php:423)
Stack trace:
#0 C:\wamp\www\framework\validators\CValidator.php(187): import()
#1 C:\wamp\www\framework\base\CModel.php(285): createValidator()
#2 C:\wamp\www\framework\base\CModel.php(259): Employee->createValidators()
#3 C:\wamp\www\framework\base\CModel.php(302): Employee->getValidators()
#4 C:\wamp\www\framework\web\helpers\CHtml.php(1197): Employee->isAttributeRequired()
#5 C:\wamp\www\framework\web\widgets\CActiveForm.php(563): activeLabelEx()
#6 C:\wamp\www\testyii\protected\views\employee\_form.php(25): CActiveForm->labelEx()
#7 C:\wamp\www\framework\web\CBaseController.php(127): require()
#8 C:\wamp\www\framework\web\CBaseController.php(96): EmployeeController->renderInternal()
#9 C:\wamp\www\framework\web\CController.php(870): EmployeeController->renderFile()
#10 C:\wamp\www\testyii\protected\views\employee\create.php(18): EmployeeController->renderPartial()
#11 C:\wamp\www\framework\web\CBaseController.php(127): require()
#12 C:\wamp\www\framework\web\CBaseController.php(96): EmployeeController->renderInternal()
#13 C:\wamp\www\framework\web\CController.php(870): EmployeeController->renderFile()
#14 C:\wamp\www\framework\web\CController.php(783): EmployeeController->renderPartial()
#15 C:\wamp\www\testyii\protected\controllers\EmployeeController.php(79): EmployeeController->render()
#16 C:\wamp\www\framework\web\actions\CInlineAction.php(50): EmployeeController->actionCreate()
#17 C:\wamp\www\framework\web\CController.php(309): CInlineAction->runWithParams()
#18 C:\wamp\www\framework\web\filters\CFilterChain.php(134): EmployeeController->runAction()
#19 C:\wamp\www\framework\web\filters\CFilter.php(41): CFilterChain->run()
#20 C:\wamp\www\framework\web\CController.php(1146): CAccessControlFilter->filter()
#21 C:\wamp\www\framework\web\filters\CInlineFilter.php(59): EmployeeController->filterAccessControl()
#22 C:\wamp\www\framework\web\filters\CFilterChain.php(131): CInlineFilter->filter()
#23 C:\wamp\www\framework\web\CController.php(292): CFilterChain->run()
#24 C:\wamp\www\framework\web\CController.php(266): EmployeeController->runActionWithFilters()
#25 C:\wamp\www\framework\web\CWebApplication.php(283): EmployeeController->run()
#26 C:\wamp\www\framework\web\CWebApplication.php(142): CWebApplication->runController()
#27 C:\wamp\www\framework\base\CApplication.php(162): CWebApplication->processRequest()
#28 C:\wamp\www\testyii\index.php(13): CWebApplication->run()
REQUEST_URI=/testyii/index.php/employee/create
in C:\wamp\www\testyii\protected\views\employee\_form.php (25)
in C:\wamp\www\testyii\protected\views\employee\create.php (18)
in C:\wamp\www\testyii\protected\controllers\EmployeeController.php (79)
2012/09/24 08:47:50 [error] [php] include(char.php) [<a href='function.include'>function.include</a>]: failed to open stream: No such file or directory (C:\wamp\www\framework\YiiBase.php:423)
Stack trace:
#0 C:\wamp\www\framework\validators\CValidator.php(187): import()
#1 C:\wamp\www\framework\base\CModel.php(285): createValidator()
#2 C:\wamp\www\framework\base\CModel.php(259): Employee->createValidators()
#3 C:\wamp\www\framework\base\CModel.php(302): Employee->getValidators()
#4 C:\wamp\www\framework\web\helpers\CHtml.php(1197): Employee->isAttributeRequired()
#5 C:\wamp\www\framework\web\widgets\CActiveForm.php(563): activeLabelEx()
#6 C:\wamp\www\testyii\protected\views\employee\_form.php(25): CActiveForm->labelEx()
#7 C:\wamp\www\framework\web\CBaseController.php(127): require()
#8 C:\wamp\www\framework\web\CBaseController.php(96): EmployeeController->renderInternal()
#9 C:\wamp\www\framework\web\CController.php(870): EmployeeController->renderFile()
#10 C:\wamp\www\testyii\protected\views\employee\create.php(18): EmployeeController->renderPartial()
#11 C:\wamp\www\framework\web\CBaseController.php(127): require()
#12 C:\wamp\www\framework\web\CBaseController.php(96): EmployeeController->renderInternal()
#13 C:\wamp\www\framework\web\CController.php(870): EmployeeController->renderFile()
#14 C:\wamp\www\framework\web\CController.php(783): EmployeeController->renderPartial()
#15 C:\wamp\www\testyii\protected\controllers\EmployeeController.php(79): EmployeeController->render()
#16 C:\wamp\www\framework\web\actions\CInlineAction.php(50): EmployeeController->actionCreate()
#17 C:\wamp\www\framework\web\CController.php(309): CInlineAction->runWithParams()
#18 C:\wamp\www\framework\web\filters\CFilterChain.php(134): EmployeeController->runAction()
#19 C:\wamp\www\framework\web\filters\CFilter.php(41): CFilterChain->run()
#20 C:\wamp\www\framework\web\CController.php(1146): CAccessControlFilter->filter()
#21 C:\wamp\www\framework\web\filters\CInlineFilter.php(59): EmployeeController->filterAccessControl()
#22 C:\wamp\www\framework\web\filters\CFilterChain.php(131): CInlineFilter->filter()
#23 C:\wamp\www\framework\web\CController.php(292): CFilterChain->run()
#24 C:\wamp\www\framework\web\CController.php(266): EmployeeController->runActionWithFilters()
#25 C:\wamp\www\framework\web\CWebApplication.php(283): EmployeeController->run()
#26 C:\wamp\www\framework\web\CWebApplication.php(142): CWebApplication->runController()
#27 C:\wamp\www\framework\base\CApplication.php(162): CWebApplication->processRequest()
#28 C:\wamp\www\testyii\index.php(13): CWebApplication->run()
REQUEST_URI=/testyii/index.php/employee/create
in C:\wamp\www\testyii\protected\views\employee\_form.php (25)
in C:\wamp\www\testyii\protected\views\employee\create.php (18)
in C:\wamp\www\testyii\protected\controllers\EmployeeController.php (79)
2012/09/24 11:47:14 [error] [system.db.CDbCommand] CDbCommand::execute() failed: SQLSTATE[23000]: Integrity constraint violation: 1452 Cannot add or update a child row: a foreign key constraint fails (`scmsdb`.`employee`, CONSTRAINT `fk_et_id` FOREIGN KEY (`et_id`) REFERENCES `employee_type` (`et_id`)). The SQL statement executed was: INSERT INTO `employee` (`user_name`, `password`, `u_fname`, `u_lname`) VALUES (:yp0, :yp1, :yp2, :yp3).
in C:\wamp\www\testyii\protected\controllers\EmployeeController.php (73)
in C:\wamp\www\testyii\index.php (13)
2012/09/24 11:47:14 [error] [exception.CDbException] exception 'CDbException' with message 'CDbCommand failed to execute the SQL statement: SQLSTATE[23000]: Integrity constraint violation: 1452 Cannot add or update a child row: a foreign key constraint fails (`scmsdb`.`employee`, CONSTRAINT `fk_et_id` FOREIGN KEY (`et_id`) REFERENCES `employee_type` (`et_id`)). The SQL statement executed was: INSERT INTO `employee` (`user_name`, `password`, `u_fname`, `u_lname`) VALUES (:yp0, :yp1, :yp2, :yp3)' in C:\wamp\www\framework\db\CDbCommand.php:354
Stack trace:
#0 C:\wamp\www\framework\db\ar\CActiveRecord.php(1017): CDbCommand->execute()
#1 C:\wamp\www\framework\db\ar\CActiveRecord.php(796): CActiveRecord->insert(NULL)
#2 C:\wamp\www\testyii\protected\controllers\EmployeeController.php(73): CActiveRecord->save()
#3 C:\wamp\www\framework\web\actions\CInlineAction.php(50): EmployeeController->actionCreate()
#4 C:\wamp\www\framework\web\CController.php(309): CInlineAction->runWithParams(Array)
#5 C:\wamp\www\framework\web\filters\CFilterChain.php(134): CController->runAction(Object(CInlineAction))
#6 C:\wamp\www\framework\web\filters\CFilter.php(41): CFilterChain->run()
#7 C:\wamp\www\framework\web\CController.php(1146): CFilter->filter(Object(CFilterChain))
#8 C:\wamp\www\framework\web\filters\CInlineFilter.php(59): CController->filterAccessControl(Object(CFilterChain))
#9 C:\wamp\www\framework\web\filters\CFilterChain.php(131): CInlineFilter->filter(Object(CFilterChain))
#10 C:\wamp\www\framework\web\CController.php(292): CFilterChain->run()
#11 C:\wamp\www\framework\web\CController.php(266): CController->runActionWithFilters(Object(CInlineAction), Array)
#12 C:\wamp\www\framework\web\CWebApplication.php(283): CController->run('create')
#13 C:\wamp\www\framework\web\CWebApplication.php(142): CWebApplication->runController('employee/create')
#14 C:\wamp\www\framework\base\CApplication.php(162): CWebApplication->processRequest()
#15 C:\wamp\www\testyii\index.php(13): CApplication->run()
#16 {main}
REQUEST_URI=/testyii/index.php/employee/create
HTTP_REFERER=http://localhost/testyii/index.php/employee/create
---
2012/09/24 11:54:27 [error] [php] Invalid argument supplied for foreach() (C:\wamp\www\framework\web\helpers\CHtml.php:1960)
Stack trace:
#0 C:\wamp\www\framework\web\CBaseController.php(127): require()
#1 C:\wamp\www\framework\web\CBaseController.php(96): EmployeeController->renderInternal()
#2 C:\wamp\www\framework\web\CController.php(870): EmployeeController->renderFile()
#3 C:\wamp\www\testyii\protected\views\employee\create.php(18): EmployeeController->renderPartial()
#4 C:\wamp\www\framework\web\CBaseController.php(127): require()
#5 C:\wamp\www\framework\web\CBaseController.php(96): EmployeeController->renderInternal()
#6 C:\wamp\www\framework\web\CController.php(870): EmployeeController->renderFile()
#7 C:\wamp\www\framework\web\CController.php(783): EmployeeController->renderPartial()
#8 C:\wamp\www\testyii\protected\controllers\EmployeeController.php(79): EmployeeController->render()
#9 C:\wamp\www\framework\web\actions\CInlineAction.php(50): EmployeeController->actionCreate()
#10 C:\wamp\www\framework\web\CController.php(309): CInlineAction->runWithParams()
#11 C:\wamp\www\framework\web\filters\CFilterChain.php(134): EmployeeController->runAction()
#12 C:\wamp\www\framework\web\filters\CFilter.php(41): CFilterChain->run()
#13 C:\wamp\www\framework\web\CController.php(1146): CAccessControlFilter->filter()
#14 C:\wamp\www\framework\web\filters\CInlineFilter.php(59): EmployeeController->filterAccessControl()
#15 C:\wamp\www\framework\web\filters\CFilterChain.php(131): CInlineFilter->filter()
#16 C:\wamp\www\framework\web\CController.php(292): CFilterChain->run()
#17 C:\wamp\www\framework\web\CController.php(266): EmployeeController->runActionWithFilters()
#18 C:\wamp\www\framework\web\CWebApplication.php(283): EmployeeController->run()
#19 C:\wamp\www\framework\web\CWebApplication.php(142): CWebApplication->runController()
#20 C:\wamp\www\framework\base\CApplication.php(162): CWebApplication->processRequest()
#21 C:\wamp\www\testyii\index.php(13): CWebApplication->run()
REQUEST_URI=/testyii/index.php/employee/create
in C:\wamp\www\testyii\protected\views\employee\_form.php (26)
in C:\wamp\www\testyii\protected\views\employee\create.php (18)
in C:\wamp\www\testyii\protected\controllers\EmployeeController.php (79)
